Building DAG of jobs...
Using shell: /bin/bash
Provided cores: 1
Rules claiming more threads will be scaled down.
Job counts:
	count	jobs
	1	download_transazione
	1	prova
	2

[Thu Mar 21 10:34:15 2019]
rule download_transazione:
    output: transazioni_00.tsv
    jobid: 2

[Thu Mar 21 10:34:16 2019]
Finished job 2.
1 of 2 steps (50%) done

[Thu Mar 21 10:34:16 2019]
localrule prova:
    input: md5sums.tsv, transazioni_00.tsv
    jobid: 0

[Thu Mar 21 10:34:16 2019]
Finished job 0.
2 of 2 steps (100%) done
Complete log: /home/alessandro/Python/snakemake_excercise/.snakemake/log/2019-03-21T103415.345286.snakemake.log
