Building DAG of jobs...
Using shell: /bin/bash
Provided cores: 1
Rules claiming more threads will be scaled down.
Job counts:
	count	jobs
	1	all
	1	download_transazioni
	2

[Wed Mar 20 15:44:27 2019]
rule download_transazioni:
    output: transazioni_05.tsv
    jobid: 1
    wildcards: number=05

[Wed Mar 20 15:44:28 2019]
Finished job 1.
1 of 2 steps (50%) done

[Wed Mar 20 15:44:28 2019]
rule all:
    input: transazioni_05.tsv
    output: result.txt
    jobid: 0

[Wed Mar 20 15:44:28 2019]
Finished job 0.
2 of 2 steps (100%) done
Complete log: /home/alessandro/Python/snakemake_excercise/.snakemake/log/2019-03-20T154427.466522.snakemake.log
