Building DAG of jobs...
Using shell: /bin/bash
Provided cores: 1
Rules claiming more threads will be scaled down.
Job counts:
	count	jobs
	1	download_md5sum_dict
	1	prova
	2

[Thu Mar 21 10:30:25 2019]
rule download_md5sum_dict:
    output: md5sums.tsv
    jobid: 1

[Thu Mar 21 10:30:26 2019]
Finished job 1.
1 of 2 steps (50%) done

[Thu Mar 21 10:30:26 2019]
localrule prova:
    input: md5sums.tsv
    jobid: 0

[Thu Mar 21 10:30:26 2019]
Finished job 0.
2 of 2 steps (100%) done
Complete log: /home/alessandro/Python/snakemake_excercise/.snakemake/log/2019-03-21T103025.191182.snakemake.log
