Building DAG of jobs...
Using shell: /bin/bash
Provided cores: 1
Rules claiming more threads will be scaled down.
Job counts:
	count	jobs
	1	download_md5sum_dict
	1	download_transazione
	1	prova
	3

[Thu Mar 21 10:33:30 2019]
rule download_md5sum_dict:
    output: md5sums.tsv
    jobid: 1

[Thu Mar 21 10:33:30 2019]
Finished job 1.
1 of 3 steps (33%) done

[Thu Mar 21 10:33:30 2019]
rule download_transazione:
    output: transizioni_22.tsv
    jobid: 2

Shutting down, this might take some time.
Exiting because a job execution failed. Look above for error message
Complete log: /home/alessandro/Python/snakemake_excercise/.snakemake/log/2019-03-21T103329.939468.snakemake.log
