Building DAG of jobs...
Using shell: /bin/bash
Provided cores: 1
Rules claiming more threads will be scaled down.
Job counts:
	count	jobs
	1	download_transazione
	1	prova
	2

[Thu Mar 21 09:37:52 2019]
rule download_transazione:
    output: transizioni_12.tsv
    jobid: 1

[Thu Mar 21 09:37:52 2019]
Finished job 1.
1 of 2 steps (50%) done

[Thu Mar 21 09:37:52 2019]
localrule prova:
    input: transizioni_12.tsv
    jobid: 0

[Thu Mar 21 09:37:52 2019]
Finished job 0.
2 of 2 steps (100%) done
Complete log: /home/alessandro/Python/snakemake_excercise/.snakemake/log/2019-03-21T093752.850946.snakemake.log
