Building DAG of jobs...
Using shell: /bin/bash
Provided cores: 1
Rules claiming more threads will be scaled down.
Job counts:
	count	jobs
	1	all
	1	download_transazioni
	2

[Wed Mar 20 16:02:37 2019]
rule download_transazioni:
    output: transazioni_05.tsv
    jobid: 2
    wildcards: number=05

[Wed Mar 20 16:02:37 2019]
Finished job 2.
1 of 2 steps (50%) done

[Wed Mar 20 16:02:37 2019]
localrule all:
    input: transazioni_06.tsv, transazioni_05.tsv
    jobid: 0

[Wed Mar 20 16:02:37 2019]
Finished job 0.
2 of 2 steps (100%) done
Complete log: /home/alessandro/Python/snakemake_excercise/.snakemake/log/2019-03-20T160237.135385.snakemake.log
