Building DAG of jobs...
Using shell: /bin/bash
Provided cores: 1
Rules claiming more threads will be scaled down.
Job counts:
	count	jobs
	1	download_transazione
	1	prova
	2

[Thu Mar 21 09:37:39 2019]
rule download_transazione:
    output: transizioni_12.tsv
    jobid: 1

Waiting at most 5 seconds for missing files.
MissingOutputException in line 20 of /home/alessandro/Python/snakemake_excercise/Snakefile:
Missing files after 5 seconds:
transizioni_12.tsv
This might be due to filesystem latency. If that is the case, consider to increase the wait time with --latency-wait.
Shutting down, this might take some time.
Exiting because a job execution failed. Look above for error message
Complete log: /home/alessandro/Python/snakemake_excercise/.snakemake/log/2019-03-21T093739.898207.snakemake.log
