Building DAG of jobs...
Using shell: /bin/bash
Provided cores: 1
Rules claiming more threads will be scaled down.
Job counts:
	count	jobs
	1	all
	2	create_partials
	3

[Wed Mar 20 10:14:32 2019]
rule create_partials:
    output: partial_3.txt
    jobid: 3
    wildcards: number=3

[Wed Mar 20 10:14:32 2019]
Finished job 3.
1 of 3 steps (33%) done

[Wed Mar 20 10:14:32 2019]
rule create_partials:
    output: partial_4.txt
    jobid: 4
    wildcards: number=4

[Wed Mar 20 10:14:33 2019]
Finished job 4.
2 of 3 steps (67%) done

[Wed Mar 20 10:14:33 2019]
rule all:
    input: partial_1.txt, partial_2.txt, partial_3.txt, partial_4.txt
    output: result.txt
    jobid: 0

[Wed Mar 20 10:14:33 2019]
Finished job 0.
3 of 3 steps (100%) done
Complete log: /home/alessandro/Python/snakemake_lesson/.snakemake/log/2019-03-20T101432.769569.snakemake.log
