Building DAG of jobs...
Using shell: /bin/bash
Provided cores: 1
Rules claiming more threads will be scaled down.
Job counts:
	count	jobs
	1	all
	1	create_partials
	2

[Wed Mar 20 10:09:38 2019]
rule create_partials:
    output: partial_1.txt, partial_2.txt
    jobid: 1

[Wed Mar 20 10:09:38 2019]
Finished job 1.
1 of 2 steps (50%) done

[Wed Mar 20 10:09:38 2019]
rule all:
    input: partial_1.txt, partial_2.txt
    output: result.txt
    jobid: 0

[Wed Mar 20 10:09:38 2019]
Finished job 0.
2 of 2 steps (100%) done
Complete log: /home/alessandro/Python/snakemake_lesson/.snakemake/log/2019-03-20T100938.054223.snakemake.log
