Building DAG of jobs...
Using shell: /bin/bash
Provided cores: 1
Rules claiming more threads will be scaled down.
Job counts:
	count	jobs
	1	all
	2	create_partials
	3

[Wed Mar 20 10:12:55 2019]
rule create_partials:
    output: partial_2.txt
    jobid: 2
    wildcards: number=2

[Wed Mar 20 10:12:55 2019]
Finished job 2.
1 of 3 steps (33%) done

[Wed Mar 20 10:12:55 2019]
rule create_partials:
    output: partial_1.txt
    jobid: 1
    wildcards: number=1

[Wed Mar 20 10:12:55 2019]
Finished job 1.
2 of 3 steps (67%) done

[Wed Mar 20 10:12:55 2019]
rule all:
    input: partial_1.txt, partial_2.txt
    output: result.txt
    jobid: 0

[Wed Mar 20 10:12:55 2019]
Finished job 0.
3 of 3 steps (100%) done
Complete log: /home/alessandro/Python/snakemake_lesson/.snakemake/log/2019-03-20T101255.046593.snakemake.log
